
> baklava@0.1.0 start
> react-scripts start

(node:39636) [DEP0111] DeprecationWarning: Access to process.binding('http_parser') is deprecated.
(Use `node --trace-deprecation ...` to show where the warning was created)
Starting the development server...

Compiled with warnings.

./src/components/App.js
  Line 24:   Expected '===' and instead saw '=='       eqeqeq
  Line 44:   Expected '===' and instead saw '=='       eqeqeq
  Line 46:   Expected '===' and instead saw '=='       eqeqeq
  Line 48:   Expected '===' and instead saw '=='       eqeqeq
  Line 50:   Expected '===' and instead saw '=='       eqeqeq
  Line 52:   Expected '===' and instead saw '=='       eqeqeq
  Line 54:   Expected '===' and instead saw '=='       eqeqeq
  Line 56:   Expected '===' and instead saw '=='       eqeqeq
  Line 58:   Expected '===' and instead saw '=='       eqeqeq
  Line 60:   Expected '===' and instead saw '=='       eqeqeq
  Line 62:   Expected '===' and instead saw '=='       eqeqeq
  Line 69:   Expected '===' and instead saw '=='       eqeqeq
  Line 69:   Expected '===' and instead saw '=='       eqeqeq
  Line 149:  Expected '===' and instead saw '=='       eqeqeq
  Line 151:  Expected '===' and instead saw '=='       eqeqeq
  Line 153:  Expected '===' and instead saw '=='       eqeqeq
  Line 155:  Expected '===' and instead saw '=='       eqeqeq
  Line 157:  Expected '===' and instead saw '=='       eqeqeq
  Line 159:  Expected '===' and instead saw '=='       eqeqeq
  Line 162:  Expected '===' and instead saw '=='       eqeqeq
  Line 164:  Expected '===' and instead saw '=='       eqeqeq
  Line 166:  Expected '===' and instead saw '=='       eqeqeq
  Line 168:  Expected '===' and instead saw '=='       eqeqeq
  Line 170:  Expected '===' and instead saw '=='       eqeqeq
  Line 172:  Expected '===' and instead saw '=='       eqeqeq
  Line 178:  Expected '===' and instead saw '=='       eqeqeq
  Line 271:  'tvl' is assigned a value but never used  no-unused-vars
  Line 307:  Expected '===' and instead saw '=='       eqeqeq
  Line 309:  Expected '===' and instead saw '=='       eqeqeq
  Line 311:  Expected '===' and instead saw '=='       eqeqeq
  Line 313:  Expected '===' and instead saw '=='       eqeqeq
  Line 315:  Expected '===' and instead saw '=='       eqeqeq
  Line 317:  Expected '===' and instead saw '=='       eqeqeq
  Line 320:  Expected '===' and instead saw '=='       eqeqeq
  Line 322:  Expected '===' and instead saw '=='       eqeqeq
  Line 324:  Expected '===' and instead saw '=='       eqeqeq
  Line 326:  Expected '===' and instead saw '=='       eqeqeq
  Line 328:  Expected '===' and instead saw '=='       eqeqeq
  Line 330:  Expected '===' and instead saw '=='       eqeqeq
  Line 336:  Expected '===' and instead saw '=='       eqeqeq
  Line 424:  Expected '===' and instead saw '=='       eqeqeq
  Line 426:  Expected '===' and instead saw '=='       eqeqeq
  Line 428:  Expected '===' and instead saw '=='       eqeqeq
  Line 430:  Expected '===' and instead saw '=='       eqeqeq
  Line 432:  Expected '===' and instead saw '=='       eqeqeq
  Line 434:  Expected '===' and instead saw '=='       eqeqeq
  Line 437:  Expected '===' and instead saw '=='       eqeqeq
  Line 439:  Expected '===' and instead saw '=='       eqeqeq
  Line 441:  Expected '===' and instead saw '=='       eqeqeq
  Line 443:  Expected '===' and instead saw '=='       eqeqeq
  Line 445:  Expected '===' and instead saw '=='       eqeqeq
  Line 447:  Expected '===' and instead saw '=='       eqeqeq
  Line 452:  Expected '===' and instead saw '=='       eqeqeq
  Line 530:  Expected '===' and instead saw '=='       eqeqeq
  Line 572:  Expected '===' and instead saw '=='       eqeqeq
  Line 574:  Expected '===' and instead saw '=='       eqeqeq
  Line 576:  Expected '===' and instead saw '=='       eqeqeq
  Line 578:  Expected '===' and instead saw '=='       eqeqeq
  Line 580:  Expected '===' and instead saw '=='       eqeqeq
  Line 582:  Expected '===' and instead saw '=='       eqeqeq
  Line 584:  Expected '===' and instead saw '=='       eqeqeq
  Line 586:  Expected '===' and instead saw '=='       eqeqeq
  Line 588:  Expected '===' and instead saw '=='       eqeqeq
  Line 590:  Expected '===' and instead saw '=='       eqeqeq
  Line 622:  Expected '!==' and instead saw '!='       eqeqeq
  Line 633:  Expected '===' and instead saw '=='       eqeqeq
  Line 635:  Expected '===' and instead saw '=='       eqeqeq
  Line 637:  Expected '===' and instead saw '=='       eqeqeq
  Line 639:  Expected '===' and instead saw '=='       eqeqeq
  Line 641:  Expected '===' and instead saw '=='       eqeqeq
  Line 643:  Expected '===' and instead saw '=='       eqeqeq
  Line 645:  Expected '===' and instead saw '=='       eqeqeq
  Line 647:  Expected '===' and instead saw '=='       eqeqeq
  Line 649:  Expected '===' and instead saw '=='       eqeqeq
  Line 651:  Expected '===' and instead saw '=='       eqeqeq
  Line 700:  Expected '===' and instead saw '=='       eqeqeq
  Line 759:  Expected '===' and instead saw '=='       eqeqeq

./src/components/Popup.js
  Line 3:  'Button' is defined but never used  no-unused-vars

./src/components/Main.js
  Line 3:  'bigInt' is defined but never used  no-unused-vars

./src/components/Deposit.js
  Line 6:    'joe' is defined but never used      no-unused-vars
  Line 33:  Expected '===' and instead saw '=='  eqeqeq
  Line 40:  Expected '===' and instead saw '=='  eqeqeq

./src/components/Menu.js
  Line 83:  Using target="_blank" without rel="noopener noreferrer" is a security risk: see https://mathiasbynens.github.io/rel-noopener  react/jsx-no-target-blank

Search for the keywords to learn more about each warning.
To ignore, add // eslint-disable-next-line to the line before.

